---------------------------------------------------------------------------------------
      name:  <unnamed>
       log:  /Users/jadederong/dropbox/13beaches/src/dm/5-format-neear-wq-jbc.log
  log type:  text
 opened on:  16 Jul 2015, 14:04:59

. 
. *----------------------------------------
. * 5-format-neear-wq.do
. * ben arnold
. *
. * format the NEEAR water quality data from
. * Tim Wade.  label variables
. *
. * version 3 (15 jul 2015) by Jade
. * modify script to output a dataset with 
. * a row for each sample
. *
. * version 2 (4 feb 2015)
. * added coliphage data provide by Tim Wade 3 Feb 2015
. *
. * version 1 (25 feb 2014)
. *
. *----------------------------------------
. 
. *----------------------------------------
. * input files:
. *       epcrmeans.txt
. *   cfumeans.txt
. *
. * output files:
. *       neear-wq.dta
. *
. *----------------------------------------
. 
. *********************************************
. * create dataset with one row for each sample
. *********************************************
. 
. /*----------------------------------------
> * read in the enterococcus dataset
> *----------------------------------------
> insheet using "~/dropbox/13beaches/data/untouched/neear/cfudata.txt", clear
> 
> * reformat collection date
> gen coldate = date(collectiondate,"YMD")
>         format coldate %d
>         label var coldate "Sample Collection Date"
>         
> sort beach coldate
> 
> rename count_cfu entero1600
> label var entero1600 "log10 Entero EPA 1600"
> 
> tempfile cfu_sample
> save `cfu_sample'
> 
> 
> 
> */
. *----------------------------------------
. * read in the Coliphage dataset
. * merge to the existing dataset
. *----------------------------------------
. 
. use "~/dropbox/13beaches/data/untouched/neear/wqphagemarine.dta", clear
(SAVASTATA created this dataset on 29NOV2010)

. 
. *----------------------------------------
. * make beach labels more informative
. * add labels to a few other variables
. *----------------------------------------
. replace beach = "Avalon" if beach=="AV"
(0 real changes made)

. replace beach = "Boqueron" if beach=="BB"
(0 real changes made)

. replace beach = "Doheny" if beach=="DO"
(0 real changes made)

. replace beach = "Edgewater" if beach=="EB"
(0 real changes made)

. replace beach = "Fairhope" if beach=="FB"
variable beach was str2 now str8
(228 real changes made)

. replace beach = "Goddard" if beach=="GB"
(425 real changes made)

. replace beach = "Huntington" if beach=="HB"
(0 real changes made)

. replace beach = "Malibu" if beach=="MA"
(0 real changes made)

. replace beach = "Surfside" if beach=="MB"
(0 real changes made)

. replace beach = "Silver" if beach=="SB"
(0 real changes made)

. replace beach = "West" if beach=="WB"
(0 real changes made)

. replace beach = "Washington Park" if beach=="WP"
(0 real changes made)

. 
. gen marine=1

.         label var marine "Marine Beach"

. 
. ren collection_date coldate

. ren sample_id sampleid

. 
. label var beach "Study beach"

. label var marine "Marine beach"

. label var coldate "Sample Collection Date"

. 
. order beach coldate

. sort beach coldate

. 
. order beach coldate marine

. 
. * replace non detects with 0.1
. local vlist "rna_clat5 group1_clat5 group2_clat5 group3_clat5 group4_clat5 dna_clat5 
> spot24"

. foreach var of local vlist {
  2.         replace mpn_`var' = 0.1 if mpn_`var'==0
  3. }
(614 real changes made)
(636 real changes made)
(633 real changes made)
(639 real changes made)
(644 real changes made)
(600 real changes made)
(322 real changes made)

. 
. ren mpn_spot24 fpc1601

.         
. * convert from wide to long format
. foreach var of varlist mpn_rna_clat5 mpn_group1_clat5-fpc1601 {
  2.         ren `var' result`var'
  3. }

. 
. reshape long result, i(sampleid) j(groupindex) string
(note: j = fpc1601 mpn_dna_clat5 mpn_group1_clat5 mpn_group2_clat5 mpn_group3_clat5 mpn
> _group4_clat5 mpn_rna_clat5)

Data                               wide   ->   long
-----------------------------------------------------------------------------
Number of obs.                      653   ->    4571
Number of variables                  16   ->      11
j variable (7 values)                     ->   groupindex
xij variables:
resultfpc1601 resultmpn_dna_clat5 ... resultmpn_rna_clat5->result
-----------------------------------------------------------------------------

. 
. * generate variables to match other datasets
. gen indicator=""
(4,571 missing values generated)

. replace indicator="Fminus coliphage" if groupindex=="fmc1601"
(0 real changes made)

. replace indicator="Fplus coliphage" if groupindex=="fpc1601"
variable indicator was str1 now str15
(653 real changes made)

. #delimit;
delimiter now ;
. replace indicator="Fplus RNA coliphage" if groupindex=="mpn_group1_clat5"|
> groupindex=="mpn_group2_clat5"|groupindex=="mpn_group3_clat5"|groupindex=="mpn_group4
> _clat5"|
> groupindex=="mpn_rna_clat5";
variable indicator was str15 now str19
(3,265 real changes made)

. replace indicator="Fplus DNA coliphage" if groupindex=="mpn_dna_clat5";
(653 real changes made)

. #delimit cr
delimiter now cr
. 
. gen analysismethod=""
(4,571 missing values generated)

. replace analysismethod="EPA 1601" if groupindex=="fmc1601" | groupindex=="fpc1601"
variable analysismethod was str1 now str8
(653 real changes made)

. #delimit;
delimiter now ;
. replace analysismethod="CLAT5" if groupindex=="mpn_dna_clat5" | groupindex=="mpn_grou
> p1_clat5"|
> groupindex=="mpn_group2_clat5"|groupindex=="mpn_group3_clat5"|groupindex=="mpn_group4
> _clat5"|
> groupindex=="mpn_rna_clat5";
(3,918 real changes made)

. #delimit cr
delimiter now cr
. 
. gen qualifier=""
(4,571 missing values generated)

. replace qualifier = "<" if result==0.1
(4,088 real changes made)

. 
. gen log10 = log10(result)
(2 missing values generated)

. 
. drop groupindex

. 
. compress
  variable marine was float now byte
  variable collection_time was float now byte
  (27,426 bytes saved)

. label data "NEEAR water quality sample data, created by 5-format-neear-wq.do"

. save "~/dropbox/13beaches/data/final/neear-wq-samples.dta", replace
file ~/dropbox/13beaches/data/final/neear-wq-samples.dta saved

. 
. *********************************************
. * create dataset with daily averages
. *********************************************
. *----------------------------------------
. * read in the CFU dataset
. * rename variables
. *----------------------------------------
. 
. insheet using "~/dropbox/13beaches/data/untouched/neear/cfumeans.txt", clear
(9 vars, 221 obs)

. sort beach collection_date

. 
. rename logcountdy avgdyentero1600

. rename logcount8  avgamentero1600

. rename logcount11 avgmdentero1600

. rename logcount15 avgpmentero1600

. rename logcount1  avgshentero1600

. rename logcount2  avgwtentero1600

. 
. label var avgdyentero1600 "Daily Avg log10 Entero EPA 1600"

. label var avgamentero1600 "AM Avg log10 Entero EPA 1600"

. label var avgmdentero1600 "Mid-Day Avg log10 Entero EPA 1600"

. label var avgpmentero1600 "PM Avg log10 Entero EPA 1600"

. label var avgshentero1600 "shin Avg log10 Entero EPA 1600"

. label var avgwtentero1600 "waist Avg log10 Entero EPA 1600"

. 
. tempfile cfu

. save `cfu'
file /var/folders/gh/bgfnnwkd7wdg7cw3q0_zwvt40000gp/T//S_29756.000001 saved

. 
. *----------------------------------------
. * read in the QPCR dataset
. * merge to the CFU dataset
. *----------------------------------------
. insheet using "~/dropbox/13beaches/data/untouched/neear/epcrmeans.txt", clear
(9 vars, 220 obs)

. 
. rename logcountdy avgdyenteropcr

. rename logcount8  avgamenteropcr

. rename logcount11 avgmdenteropcr

. rename logcount15 avgpmenteropcr

. rename logcount1  avgshenteropcr

. rename logcount2  avgwtenteropcr

. 
. label var avgdyenteropcr "Daily Avg log10 Entero qPCR"

. label var avgamenteropcr "AM Avg log10 Entero qPCR"

. label var avgmdenteropcr "Mid-Day Avg log10 Entero qPCR"

. label var avgpmenteropcr "PM Avg log10 Entero qPCR"

. label var avgshenteropcr "shin Avg log10 Entero qPCR"

. label var avgwtenteropcr "waist Avg log10 Entero qPCR"

. 
. sort beach collection_date

. merge 1:1 beach collection_date using `cfu'

    Result                           # of obs.
    -----------------------------------------
    not matched                             1
        from master                         0  (_merge==1)
        from using                          1  (_merge==2)

    matched                               220  (_merge==3)
    -----------------------------------------

. list if _merge!=3

     +---------------------------------------------------------------------------+
221. | beach | collecti~e | avgdye~r | avgmde~r | avgpme~r | avgame~r | avgshe~r |
     |    MB | 2009-06-01 |        . |        . |        . |        . |        . |
     |---------------------------------------------------------------------------|
     | avgwte~r | marine | avgdye~0 | avgmde~0 | avgpme~0 | avgame~0 | avgshe~0  |
     |        . |      1 |       -1 |        . |        . |       -1 |       -1  |
     |---------------------------------------------------------------------------|
     |             avgwte~0             |                     _merge             |
     |                   -1             |             using only (2)             |
     +---------------------------------------------------------------------------+

. drop _merge

. 
. 
. * reformat collection date
. gen coldate = date(collection_date,"YMD")

.         format coldate %d

.         label var coldate "Sample Collection Date"

. 
. sort beach coldate

. save `cfu', replace
file /var/folders/gh/bgfnnwkd7wdg7cw3q0_zwvt40000gp/T//S_29756.000001 saved

. 
. *----------------------------------------
. * calculate daily averages across all times and locations within each beach
. * calculate am, mid-day, pm averages
. * calculate shin and waist depth averages
. *----------------------------------------
. use "~/dropbox/13beaches/data/untouched/neear/wqphagemarine.dta", clear
(SAVASTATA created this dataset on 29NOV2010)

. 
. local vlist "rna_clat5 group1_clat5 group2_clat5 group3_clat5 group4_clat5 dna_clat5 
> spot24"

. foreach var of local vlist {
  2. 
.         * replace non detects with 0.1
.         replace mpn_`var' = 0.1 if mpn_`var'==0
  3. 
.         gen log10`var' = log10(mpn_`var')
  4.         
.         sort beach collection_date
  5.         by beach collection_date: egen avgdyphage_`var' = mean(log10`var')
  6.         
.         by beach collection_date: egen avgamphage_`var' = mean(log10`var') if collect
> ion_time==8
  7.         by beach collection_date: egen avgmdphage_`var' = mean(log10`var') if coll
> ection_time==11
  8.         by beach collection_date: egen avgpmphage_`var' = mean(log10`var') if coll
> ection_time==15
  9.         
.         by beach collection_date: egen avgshphage_`var' = mean(log10`var') if depth==
> 1
 10.         by beach collection_date: egen avgwtphage_`var' = mean(log10`var') if dept
> h==2
 11. 
. }
(614 real changes made)
(431 missing values generated)
(431 missing values generated)
(444 missing values generated)
(326 missing values generated)
(327 missing values generated)
(636 real changes made)
(431 missing values generated)
(431 missing values generated)
(444 missing values generated)
(326 missing values generated)
(327 missing values generated)
(633 real changes made)
(431 missing values generated)
(431 missing values generated)
(444 missing values generated)
(326 missing values generated)
(327 missing values generated)
(639 real changes made)
(431 missing values generated)
(431 missing values generated)
(444 missing values generated)
(326 missing values generated)
(327 missing values generated)
(644 real changes made)
(431 missing values generated)
(431 missing values generated)
(444 missing values generated)
(326 missing values generated)
(327 missing values generated)
(600 real changes made)
(2 missing values generated)
(431 missing values generated)
(431 missing values generated)
(444 missing values generated)
(326 missing values generated)
(327 missing values generated)
(322 real changes made)
(431 missing values generated)
(431 missing values generated)
(444 missing values generated)
(326 missing values generated)
(327 missing values generated)

. 
. * collapse the data by beach / date
. collapse (max) avg*, by(beach collection_date)

. rename collection_date coldate

. 
. * label variables
. local vlist "avgdy avgam avgmd avgpm avgsh avgwt"

. foreach v of local vlist {
  2.         rename `v'phage_spot24 `v'fpc1601
  3. }

. label var avgdyfpc1601 "Daily Avg log10 F-plus Coliphage EPA 1601"

. label var avgamfpc1601 "AM Avg log10 F-plus Coliphage EPA 1601"

. label var avgmdfpc1601 "Mid-Day Avg log10 F-plus Coliphage EPA 1601"

. label var avgpmfpc1601 "PM Avg log10 F-plus Coliphage EPA 1601"

. label var avgshfpc1601 "shin Avg log10 F-plus Coliphage EPA 1601"

. label var avgwtfpc1601 "waist Avg log10 F-plus Coliphage EPA 1601"

. 
. forvalues i = 1/4 {
  2.         label var avgdyphage_group`i'_clat5 "Daily Avg log10 Group `i' RNA Colipha
> ge, 5-hour Clat assay"
  3.         label var avgamphage_group`i'_clat5 "AM Avg log10 Group `i' RNA Coliphage,
>  5-hour Clat assay"
  4.         label var avgmdphage_group`i'_clat5 "Mid-Day Avg log10 Group `i' RNA Colip
> hage, 5-hour Clat assay"
  5.         label var avgpmphage_group`i'_clat5 "PM Avg log10 Group `i' RNA Coliphage,
>  5-hour Clat assay"
  6.         label var avgshphage_group`i'_clat5 "shin Avg log10 Group `i' RNA Coliphag
> e, 5-hour Clat assay"
  7.         label var avgwtphage_group`i'_clat5 "waist Avg log10 Group `i' RNA Colipha
> ge, 5-hour Clat assay"
  8. }

. 
. label var avgdyphage_rna_clat5 "Daily Avg log10 RNA Coliphage, 5-hour Clat assay"

. label var avgamphage_rna_clat5 "AM Avg log10 RNA Coliphage, 5-hour Clat assay"

. label var avgmdphage_rna_clat5 "Mid-Day Avg log10 RNA Coliphage, 5-hour Clat assay"

. label var avgpmphage_rna_clat5 "PM Avg log10 RNA Coliphage, 5-hour Clat assay"

. label var avgshphage_rna_clat5 "shin Avg log10 RNA Coliphage, 5-hour Clat assay"

. label var avgwtphage_rna_clat5 "waist Avg log10 RNA Coliphage, 5-hour Clat assay"

. 
. label var avgdyphage_dna_clat5 "Daily Avg log10 DNA Coliphage, 5-hour Clat assay"

. label var avgamphage_dna_clat5 "AM Avg log10 DNA Coliphage, 5-hour Clat assay"

. label var avgmdphage_dna_clat5 "Mid-Day Avg log10 DNA Coliphage, 5-hour Clat assay"

. label var avgpmphage_dna_clat5 "PM Avg log10 DNA Coliphage, 5-hour Clat assay"

. label var avgshphage_dna_clat5 "shin Avg log10 DNA Coliphage, 5-hour Clat assay"

. label var avgwtphage_dna_clat5 "waist Avg log10 DNA Coliphage, 5-hour Clat assay"

. 
. order beach coldate *1601

. 
. sort beach coldate

. tempfile phage

. save `phage'
file /var/folders/gh/bgfnnwkd7wdg7cw3q0_zwvt40000gp/T//S_29756.000002 saved

. 
. use `cfu', clear

. merge 1:1 beach coldate using `phage'

    Result                           # of obs.
    -----------------------------------------
    not matched                           184
        from master                       184  (_merge==1)
        from using                          0  (_merge==2)

    matched                                37  (_merge==3)
    -----------------------------------------

. assert _merge != 2

. tab beach _merge

           |        _merge
     beach | master on  matched ( |     Total
-----------+----------------------+----------
        BB |        34          0 |        34 
        EB |        22          0 |        22 
        FB |        12         13 |        25 
        GB |         0         24 |        24 
        HB |        16          0 |        16 
        MB |        31          0 |        31 
        SB |        24          0 |        24 
        WB |        21          0 |        21 
        WP |        24          0 |        24 
-----------+----------------------+----------
     Total |       184         37 |       221 


. drop _merge

. 
. *----------------------------------------
. * make beach labels more informative
. * add labels to a few other variables
. *----------------------------------------
. replace beach = "Avalon" if beach=="AV"
(0 real changes made)

. replace beach = "Boqueron" if beach=="BB"
variable beach was str2 now str8
(34 real changes made)

. replace beach = "Doheny" if beach=="DO"
(0 real changes made)

. replace beach = "Edgewater" if beach=="EB"
variable beach was str8 now str9
(22 real changes made)

. replace beach = "Fairhope" if beach=="FB"
(25 real changes made)

. replace beach = "Goddard" if beach=="GB"
(24 real changes made)

. replace beach = "Huntington" if beach=="HB"
variable beach was str9 now str10
(16 real changes made)

. replace beach = "Malibu" if beach=="MA"
(0 real changes made)

. replace beach = "Surfside" if beach=="MB"
(31 real changes made)

. replace beach = "Silver" if beach=="SB"
(24 real changes made)

. replace beach = "West" if beach=="WB"
(21 real changes made)

. replace beach = "Washington Park" if beach=="WP"
variable beach was str10 now str15
(24 real changes made)

. 
. label var beach "Study beach"

. label var marine "Marine beach"

. label var collection_date "Sample Collection Date"

. 
. 
. order beach collection_date coldate

. sort beach coldate

. 
. drop collection_date

. order beach coldate marine

. 
. compress
  variable coldate was float now int
  (442 bytes saved)

. label data "NEEAR water quality data, created by 5-format-neear-wq.do"

. save "~/dropbox/13beaches/data/final/neear-wq.dta", replace
file ~/dropbox/13beaches/data/final/neear-wq.dta saved

. 
. desc

Contains data from ~/dropbox/13beaches/data/final/neear-wq.dta
  obs:           221                          NEEAR water quality data, created by
                                                5-format-neear-wq.do
 vars:            57                          16 Jul 2015 14:04
 size:        51,714                          
---------------------------------------------------------------------------------------
              storage   display    value
variable name   type    format     label      variable label
---------------------------------------------------------------------------------------
beach           str15   %15s                  Study beach
coldate         int     %d                    Sample Collection Date
marine          byte    %8.0g                 Marine beach
avgdyenteropcr  float   %9.0g                 Daily Avg log10 Entero qPCR
avgmdenteropcr  float   %9.0g                 Mid-Day Avg log10 Entero qPCR
avgpmenteropcr  float   %9.0g                 PM Avg log10 Entero qPCR
avgamenteropcr  float   %9.0g                 AM Avg log10 Entero qPCR
avgshenteropcr  float   %9.0g                 shin Avg log10 Entero qPCR
avgwtenteropcr  float   %9.0g                 waist Avg log10 Entero qPCR
avgdyentero1600 float   %9.0g                 Daily Avg log10 Entero EPA 1600
avgmdentero1600 float   %9.0g                 Mid-Day Avg log10 Entero EPA 1600
avgpmentero1600 float   %9.0g                 PM Avg log10 Entero EPA 1600
avgamentero1600 float   %9.0g                 AM Avg log10 Entero EPA 1600
avgshentero1600 float   %9.0g                 shin Avg log10 Entero EPA 1600
avgwtentero1600 float   %9.0g                 waist Avg log10 Entero EPA 1600
avgdyfpc1601    float   %9.0g                 Daily Avg log10 F-plus Coliphage EPA 1601
avgamfpc1601    float   %9.0g                 AM Avg log10 F-plus Coliphage EPA 1601
avgmdfpc1601    float   %9.0g                 Mid-Day Avg log10 F-plus Coliphage EPA
                                                1601
avgpmfpc1601    float   %9.0g                 PM Avg log10 F-plus Coliphage EPA 1601
avgshfpc1601    float   %9.0g                 shin Avg log10 F-plus Coliphage EPA 1601
avgwtfpc1601    float   %9.0g                 waist Avg log10 F-plus Coliphage EPA 1601
avgdyphage_rn~5 float   %9.0g                 Daily Avg log10 RNA Coliphage, 5-hour
                                                Clat assay
avgamphage_rn~5 float   %9.0g                 AM Avg log10 RNA Coliphage, 5-hour Clat
                                                assay
avgmdphage_rn~5 float   %9.0g                 Mid-Day Avg log10 RNA Coliphage, 5-hour
                                                Clat assay
avgpmphage_rn~5 float   %9.0g                 PM Avg log10 RNA Coliphage, 5-hour Clat
                                                assay
avgshphage_rn~5 float   %9.0g                 shin Avg log10 RNA Coliphage, 5-hour Clat
                                                assay
avgwtphage_rn~5 float   %9.0g                 waist Avg log10 RNA Coliphage, 5-hour
                                                Clat assay
avgdyph~1_clat5 float   %9.0g                 Daily Avg log10 Group 1 RNA Coliphage,
                                                5-hour Clat assay
avgamph~1_clat5 float   %9.0g                 AM Avg log10 Group 1 RNA Coliphage,
                                                5-hour Clat assay
avgmdph~1_clat5 float   %9.0g                 Mid-Day Avg log10 Group 1 RNA Coliphage,
                                                5-hour Clat assay
avgpmph~1_clat5 float   %9.0g                 PM Avg log10 Group 1 RNA Coliphage,
                                                5-hour Clat assay
avgshph~1_clat5 float   %9.0g                 shin Avg log10 Group 1 RNA Coliphage,
                                                5-hour Clat assay
avgwtph~1_clat5 float   %9.0g                 waist Avg log10 Group 1 RNA Coliphage,
                                                5-hour Clat assay
avgdyph~2_clat5 float   %9.0g                 Daily Avg log10 Group 2 RNA Coliphage,
                                                5-hour Clat assay
avgamph~2_clat5 float   %9.0g                 AM Avg log10 Group 2 RNA Coliphage,
                                                5-hour Clat assay
avgmdph~2_clat5 float   %9.0g                 Mid-Day Avg log10 Group 2 RNA Coliphage,
                                                5-hour Clat assay
avgpmph~2_clat5 float   %9.0g                 PM Avg log10 Group 2 RNA Coliphage,
                                                5-hour Clat assay
avgshph~2_clat5 float   %9.0g                 shin Avg log10 Group 2 RNA Coliphage,
                                                5-hour Clat assay
avgwtph~2_clat5 float   %9.0g                 waist Avg log10 Group 2 RNA Coliphage,
                                                5-hour Clat assay
avgdyph~3_clat5 float   %9.0g                 Daily Avg log10 Group 3 RNA Coliphage,
                                                5-hour Clat assay
avgamph~3_clat5 float   %9.0g                 AM Avg log10 Group 3 RNA Coliphage,
                                                5-hour Clat assay
avgmdph~3_clat5 float   %9.0g                 Mid-Day Avg log10 Group 3 RNA Coliphage,
                                                5-hour Clat assay
avgpmph~3_clat5 float   %9.0g                 PM Avg log10 Group 3 RNA Coliphage,
                                                5-hour Clat assay
avgshph~3_clat5 float   %9.0g                 shin Avg log10 Group 3 RNA Coliphage,
                                                5-hour Clat assay
avgwtph~3_clat5 float   %9.0g                 waist Avg log10 Group 3 RNA Coliphage,
                                                5-hour Clat assay
avgdyph~4_clat5 float   %9.0g                 Daily Avg log10 Group 4 RNA Coliphage,
                                                5-hour Clat assay
avgamph~4_clat5 float   %9.0g                 AM Avg log10 Group 4 RNA Coliphage,
                                                5-hour Clat assay
avgmdph~4_clat5 float   %9.0g                 Mid-Day Avg log10 Group 4 RNA Coliphage,
                                                5-hour Clat assay
avgpmph~4_clat5 float   %9.0g                 PM Avg log10 Group 4 RNA Coliphage,
                                                5-hour Clat assay
avgshph~4_clat5 float   %9.0g                 shin Avg log10 Group 4 RNA Coliphage,
                                                5-hour Clat assay
avgwtph~4_clat5 float   %9.0g                 waist Avg log10 Group 4 RNA Coliphage,
                                                5-hour Clat assay
avgdyphage_dn~5 float   %9.0g                 Daily Avg log10 DNA Coliphage, 5-hour
                                                Clat assay
avgamphage_dn~5 float   %9.0g                 AM Avg log10 DNA Coliphage, 5-hour Clat
                                                assay
avgmdphage_dn~5 float   %9.0g                 Mid-Day Avg log10 DNA Coliphage, 5-hour
                                                Clat assay
avgpmphage_dn~5 float   %9.0g                 PM Avg log10 DNA Coliphage, 5-hour Clat
                                                assay
avgshphage_dn~5 float   %9.0g                 shin Avg log10 DNA Coliphage, 5-hour Clat
                                                assay
avgwtphage_dn~5 float   %9.0g                 waist Avg log10 DNA Coliphage, 5-hour
                                                Clat assay
---------------------------------------------------------------------------------------
Sorted by: beach  coldate

. 
. log close
      name:  <unnamed>
       log:  /Users/jadederong/dropbox/13beaches/src/dm/5-format-neear-wq-jbc.log
  log type:  text
 closed on:  16 Jul 2015, 14:04:59
---------------------------------------------------------------------------------------
